<?xml version="1.0" encoding="UTF-8"?>
<testExecutions version="1">
  <file path="D:\du lieu\IT\React\playground\reactjs-shop\src\components\Layout\Copyright\Copyright.test.js">
    <testCase name="should Copyright render correctly" duration="38"/>
  </file>
</testExecutions>