<?xml version="1.0" encoding="UTF-8"?>
<testExecutions version="1">
  <file path="D:\du lieu\IT\React\playground\reactjs-shop\src\components\Customer comment\CustomerComment.test.js">
    <testCase name="test" duration="37"/>
  </file>
  <file path="D:\du lieu\IT\React\playground\reactjs-shop\src\components\Subscribe Email\SubscribeEmail.test.js">
    <testCase name="should email input render" duration="33"/>
    <testCase name="should subscribe email button run" duration="60"/>
  </file>
  <file path="D:\du lieu\IT\React\playground\reactjs-shop\src\components\Popular Product\Product.test.js">
    <testCase name="should slide run correctly" duration="1"/>
  </file>
  <file path="D:\du lieu\IT\React\playground\reactjs-shop\src\components\SearchBar\SearchBar.test.js">
    <testCase name="Should search input render" duration="42"/>
    <testCase name="Should show cart dropdown" duration="181"/>
  </file>
  <file path="D:\du lieu\IT\React\playground\reactjs-shop\src\components\SummerSale\SummerSale.test.js">
    <testCase name="should Summer Sale render correctly" duration="110"/>
  </file>
  <file path="D:\du lieu\IT\React\playground\reactjs-shop\src\components\Header\Header.test.js">
    <testCase name="should Header render correctly" duration="24"/>
  </file>
  <file path="D:\du lieu\IT\React\playground\reactjs-shop\src\components\Service Banner\ServiceBanner.test.js">
    <testCase name="should ServiceBanner render correctly" duration="28"/>
  </file>
  <file path="D:\du lieu\IT\React\playground\reactjs-shop\src\components\Copyright\Copyright.test.js">
    <testCase name="should Copyright render correctly" duration="27"/>
  </file>
  <file path="D:\du lieu\IT\React\playground\reactjs-shop\src\components\Banner\Banner.test.js">
    <testCase name="should Banner run correctly" duration="24"/>
  </file>
  <file path="D:\du lieu\IT\React\playground\reactjs-shop\src\components\Advertising\Advertising.test.js">
    <testCase name="should Advertising render correctly" duration="20"/>
  </file>
</testExecutions>