<?xml version="1.0" encoding="UTF-8"?>
<testExecutions version="1">
  <file path="D:\du lieu\IT\React\playground\reactjs-shop\src\components\Customer comment\CustomerComment.test.js">
    <testCase name="test" duration="36"/>
  </file>
</testExecutions>