<?xml version="1.0" encoding="UTF-8"?>
<testExecutions version="1">
  <file path="D:\du lieu\IT\React\playground\reactjs-shop\src\components\Layout\Service Banner\ServiceBanner.test.js">
    <testCase name="should ServiceBanner render correctly" duration="36"/>
  </file>
</testExecutions>