<?xml version="1.0" encoding="UTF-8"?>
<testExecutions version="1">
  <file path="D:\du lieu\IT\React\playground\reactjs-shop\src\components\Layout\Subscribe Email\SubscribeEmail.test.js">
    <testCase name="should email input render" duration="39"/>
    <testCase name="should subscribe email button run" duration="67"/>
  </file>
  <file path="D:\du lieu\IT\React\playground\reactjs-shop\src\components\Layout\Popular Product\Product.test.js">
    <testCase name="should slide run correctly" duration="182"/>
  </file>
  <file path="D:\du lieu\IT\React\playground\reactjs-shop\src\components\Layout\Header\Header.test.js">
    <testCase name="should Header render correctly" duration="30"/>
  </file>
  <file path="D:\du lieu\IT\React\playground\reactjs-shop\src\components\Layout\SearchBar\SearchBar.test.js">
    <testCase name="Should search input render" duration="38"/>
    <testCase name="Should show cart dropdown" duration="175"/>
  </file>
  <file path="D:\du lieu\IT\React\playground\reactjs-shop\src\components\Layout\Categories\Categories.test.js">
    <testCase name="should categories render correctly" duration="101"/>
    <testCase name="should categories render failed" duration="15"/>
  </file>
  <file path="D:\du lieu\IT\React\playground\reactjs-shop\src\components\Layout\Customer comment\CustomerComment.test.js">
    <testCase name="should CustomerComment run correctly" duration="142"/>
    <testCase name="should customer comment render failed" duration="12"/>
  </file>
  <file path="D:\du lieu\IT\React\playground\reactjs-shop\src\components\Layout\Copyright\Copyright.test.js">
    <testCase name="should Copyright render correctly" duration="36"/>
  </file>
  <file path="D:\du lieu\IT\React\playground\reactjs-shop\src\components\Layout\Service Banner\ServiceBanner.test.js">
    <testCase name="should ServiceBanner render correctly" duration="40"/>
  </file>
  <file path="D:\du lieu\IT\React\playground\reactjs-shop\src\components\Layout\SummerSale\SummerSale.test.js">
    <testCase name="should Summer Sale render correctly" duration="120"/>
  </file>
  <file path="D:\du lieu\IT\React\playground\reactjs-shop\src\components\Layout\Banner\Banner.test.js">
    <testCase name="should Banner run correctly" duration="29"/>
  </file>
  <file path="D:\du lieu\IT\React\playground\reactjs-shop\src\components\Layout\Advertising\Advertising.test.js">
    <testCase name="should Advertising render correctly" duration="26"/>
  </file>
</testExecutions>