<?xml version="1.0" encoding="UTF-8"?>
<testExecutions version="1">
  <file path="D:\du lieu\IT\React\playground\reactjs-shop\src\components\Layout\SummerSale\SummerSale.test.js">
    <testCase name="should Summer Sale render correctly" duration="148"/>
  </file>
</testExecutions>